Determining if the pthread_create exist failed with the following output:
Change Dir: /home/eddie/ROS2-Experiments/Qos/build/qos/CMakeFiles/CMakeTmp

Run Build Command:"/usr/bin/make" "cmTC_ea365/fast"
/usr/bin/make -f CMakeFiles/cmTC_ea365.dir/build.make CMakeFiles/cmTC_ea365.dir/build
make[1]: Entering directory '/home/eddie/ROS2-Experiments/Qos/build/qos/CMakeFiles/CMakeTmp'
Building C object CMakeFiles/cmTC_ea365.dir/CheckSymbolExists.c.o
/usr/bin/cc    -o CMakeFiles/cmTC_ea365.dir/CheckSymbolExists.c.o   -c /home/eddie/ROS2-Experiments/Qos/build/qos/CMakeFiles/CMakeTmp/CheckSymbolExists.c
Linking C executable cmTC_ea365
/usr/bin/cmake -E cmake_link_script CMakeFiles/cmTC_ea365.dir/link.txt --verbose=1
/usr/bin/cc      CMakeFiles/cmTC_ea365.dir/CheckSymbolExists.c.o  -o cmTC_ea365 
CMakeFiles/cmTC_ea365.dir/CheckSymbolExists.c.o: In function `main':
CheckSymbolExists.c:(.text+0x1b): undefined reference to `pthread_create'
collect2: error: ld returned 1 exit status
CMakeFiles/cmTC_ea365.dir/build.make:97: recipe for target 'cmTC_ea365' failed
make[1]: *** [cmTC_ea365] Error 1
make[1]: Leaving directory '/home/eddie/ROS2-Experiments/Qos/build/qos/CMakeFiles/CMakeTmp'
Makefile:126: recipe for target 'cmTC_ea365/fast' failed
make: *** [cmTC_ea365/fast] Error 2

File /home/eddie/ROS2-Experiments/Qos/build/qos/CMakeFiles/CMakeTmp/CheckSymbolExists.c:
/* */
#include <pthread.h>

int main(int argc, char** argv)
{
  (void)argv;
#ifndef pthread_create
  return ((int*)(&pthread_create))[argc];
#else
  (void)argc;
  return 0;
#endif
}

Determining if the function pthread_create exists in the pthreads failed with the following output:
Change Dir: /home/eddie/ROS2-Experiments/Qos/build/qos/CMakeFiles/CMakeTmp

Run Build Command:"/usr/bin/make" "cmTC_abc71/fast"
/usr/bin/make -f CMakeFiles/cmTC_abc71.dir/build.make CMakeFiles/cmTC_abc71.dir/build
make[1]: Entering directory '/home/eddie/ROS2-Experiments/Qos/build/qos/CMakeFiles/CMakeTmp'
Building C object CMakeFiles/cmTC_abc71.dir/CheckFunctionExists.c.o
/usr/bin/cc   -DCHECK_FUNCTION_EXISTS=pthread_create   -o CMakeFiles/cmTC_abc71.dir/CheckFunctionExists.c.o   -c /usr/share/cmake-3.10/Modules/CheckFunctionExists.c
Linking C executable cmTC_abc71
/usr/bin/cmake -E cmake_link_script CMakeFiles/cmTC_abc71.dir/link.txt --verbose=1
/usr/bin/cc  -DCHECK_FUNCTION_EXISTS=pthread_create    CMakeFiles/cmTC_abc71.dir/CheckFunctionExists.c.o  -o cmTC_abc71 -lpthreads 
/usr/bin/ld: cannot find -lpthreads
collect2: error: ld returned 1 exit status
CMakeFiles/cmTC_abc71.dir/build.make:97: recipe for target 'cmTC_abc71' failed
make[1]: *** [cmTC_abc71] Error 1
make[1]: Leaving directory '/home/eddie/ROS2-Experiments/Qos/build/qos/CMakeFiles/CMakeTmp'
Makefile:126: recipe for target 'cmTC_abc71/fast' failed
make: *** [cmTC_abc71/fast] Error 2


